<?xml version="1.0" encoding="UTF-8" ?>
<testsuite tests="79" failures="4" name="com.pscu.seleniumcucumber.Runner.TestRunner_1" time="0.243" errors="2" skipped="5">
  <properties>
    <property name="java.runtime.name" value="Java(TM) SE Runtime Environment"/>
    <property name="sun.boot.library.path" value="C:\Program Files\Java\jdk1.8.0_161\jre\bin"/>
    <property name="java.vm.version" value="25.161-b12"/>
    <property name="java.vm.vendor" value="Oracle Corporation"/>
    <property name="maven.multiModuleProjectDirectory" value="D:\Workspace\CucumberFramework"/>
    <property name="java.vendor.url" value="http://java.oracle.com/"/>
    <property name="path.separator" value=";"/>
    <property name="guice.disable.misplaced.annotation.check" value="true"/>
    <property name="java.vm.name" value="Java HotSpot(TM) 64-Bit Server VM"/>
    <property name="file.encoding.pkg" value="sun.io"/>
    <property name="user.script" value=""/>
    <property name="user.country" value="US"/>
    <property name="sun.java.launcher" value="SUN_STANDARD"/>
    <property name="sun.os.patch.level" value="Service Pack 1"/>
    <property name="java.vm.specification.name" value="Java Virtual Machine Specification"/>
    <property name="user.dir" value="D:\Workspace\CucumberFramework"/>
    <property name="java.runtime.version" value="1.8.0_161-b12"/>
    <property name="java.awt.graphicsenv" value="sun.awt.Win32GraphicsEnvironment"/>
    <property name="java.endorsed.dirs" value="C:\Program Files\Java\jdk1.8.0_161\jre\lib\endorsed"/>
    <property name="os.arch" value="amd64"/>
    <property name="java.io.tmpdir" value="D:\Users\swathinr\AppData\Local\Temp\"/>
    <property name="line.separator" value="
"/>
    <property name="java.vm.specification.vendor" value="Oracle Corporation"/>
    <property name="user.variant" value=""/>
    <property name="os.name" value="Windows 7"/>
    <property name="classworlds.conf" value="D:\Workspace\.metadata\.plugins\org.eclipse.m2e.launching\launches\m2conf638906209992330040.tmp"/>
    <property name="sun.jnu.encoding" value="Cp1252"/>
    <property name="java.library.path" value="C:\Program Files\Java\jdk1.8.0_161\bin;C:\windows\Sun\Java\bin;C:\windows\system32;C:\windows;C:/Program Files/Java/jre1.8.0_161/bin/server;C:/Program Files/Java/jre1.8.0_161/bin;C:/Program Files/Java/jre1.8.0_161/lib/amd64;C:\ProgramData\Oracle\Java\javapath;C:\oracle\product\12.1.0\client_1\bin;C:\windows\system32;C:\windows;C:\windows\System32\Wbem;C:\windows\System32\WindowsPowerShell\v1.0\;C:\ORACLE\ORA92\bin;C:\Program Files (x86)\Oracle\jre\1.1.8\bin;C:\Program Files\Microsoft SQL Server\110\Tools\Binn\;C:\Program Files\Common Files\ThinPrint\;C:\Program Files\PuTTY\;C:\Program Files\Git\cmd;C:\Program Files\Java\jdk1.8.0_161\bin;C:\Apps\apache-maven-3.5.3\bin;D:\NodeJs\;D:\Users\swathinr\AppData\Roaming\npm;D:\eclipse;;."/>
    <property name="java.specification.name" value="Java Platform API Specification"/>
    <property name="java.class.version" value="52.0"/>
    <property name="sun.management.compiler" value="HotSpot 64-Bit Tiered Compilers"/>
    <property name="os.version" value="6.1"/>
    <property name="user.home" value="D:\Users\swathinr"/>
    <property name="user.timezone" value="Asia/Calcutta"/>
    <property name="java.awt.printerjob" value="sun.awt.windows.WPrinterJob"/>
    <property name="java.specification.version" value="1.8"/>
    <property name="file.encoding" value="Cp1252"/>
    <property name="user.name" value="swathinr"/>
    <property name="java.class.path" value="/D:/eclipse/plugins/org.eclipse.m2e.maven.runtime_1.7.0.20160603-1931/jars/plexus-classworlds-2.5.2.jar"/>
    <property name="java.vm.specification.version" value="1.8"/>
    <property name="sun.arch.data.model" value="64"/>
    <property name="java.home" value="C:\Program Files\Java\jdk1.8.0_161\jre"/>
    <property name="sun.java.command" value="org.codehaus.plexus.classworlds.launcher.Launcher -B -s D:\apache-maven\conf\settings.xml install"/>
    <property name="java.specification.vendor" value="Oracle Corporation"/>
    <property name="user.language" value="en"/>
    <property name="awt.toolkit" value="sun.awt.windows.WToolkit"/>
    <property name="java.vm.info" value="mixed mode"/>
    <property name="java.version" value="1.8.0_161"/>
    <property name="java.ext.dirs" value="C:\Program Files\Java\jdk1.8.0_161\jre\lib\ext;C:\windows\Sun\Java\lib\ext"/>
    <property name="sun.boot.class.path" value="C:\Program Files\Java\jdk1.8.0_161\jre\lib\resources.jar;C:\Program Files\Java\jdk1.8.0_161\jre\lib\rt.jar;C:\Program Files\Java\jdk1.8.0_161\jre\lib\sunrsasign.jar;C:\Program Files\Java\jdk1.8.0_161\jre\lib\jsse.jar;C:\Program Files\Java\jdk1.8.0_161\jre\lib\jce.jar;C:\Program Files\Java\jdk1.8.0_161\jre\lib\charsets.jar;C:\Program Files\Java\jdk1.8.0_161\jre\lib\jfr.jar;C:\Program Files\Java\jdk1.8.0_161\jre\classes"/>
    <property name="java.vendor" value="Oracle Corporation"/>
    <property name="maven.home" value="D:\Workspace\CucumberFramework\EMBEDDED"/>
    <property name="file.separator" value="\"/>
    <property name="java.vendor.url.bug" value="http://bugreport.sun.com/bugreport/"/>
    <property name="sun.cpu.endian" value="little"/>
    <property name="sun.io.unicode.encoding" value="UnicodeLittle"/>
    <property name="sun.desktop" value="windows"/>
    <property name="sun.cpu.isalist" value="amd64"/>
  </properties>
  <testcase classname="Scenario: Login to Quick Assist Application through Ping Page" name="Given My WebApp &apos;QuickAssist_App&apos; is open" time="0.016"/>
  <testcase classname="Scenario: Login to Quick Assist Application through Ping Page" name="When I select option &apos;QuicAssist Token EXternal&apos; in dropdown &apos;SelectAuthenticationSystem&apos; by &apos;text&apos;" time="0"/>
  <testcase classname="Scenario: Login to Quick Assist Application through Ping Page" name="And I click &apos;ContinueBtn&apos;" time="0.003"/>
  <testcase classname="Scenario: Login to Quick Assist Application through Ping Page" name="And I enter &apos;SQAtest2&apos; in field &apos;Ping_Username&apos;" time="0"/>
  <testcase classname="Scenario: Login to Quick Assist Application through Ping Page" name="And I enter &apos;PSCU@1234&apos; in field &apos;Ping_Password&apos;" time="0"/>
  <testcase classname="Scenario: Login to Quick Assist Application through Ping Page" name="And I enter &apos;2113&apos; in field &apos;Ping_ClientId&apos;" time="0"/>
  <testcase classname="Scenario: Login to Quick Assist Application through Ping Page" name="And I click &apos;Ping_LogIN&apos;" time="0"/>
  <testcase classname="Scenario: Login to Quick Assist Application through Ping Page" name="And I wait for visibility of element &apos;SearchPopUp_Close&apos;" time="0"/>
  <testcase classname="Scenario: Login to Quick Assist Application through Ping Page" name="And I click &apos;SearchPopUp_Close&apos;" time="0"/>
  <testcase classname="Scenario: Login to Quick Assist Application through Ping Page" name="Then I should see text &apos;sqatest2.21&apos; present on page at &apos;QAssist_UserNameDisp&apos;" time="0"/>
  <testcase classname="Scenario: Login to Quick Assist Application through Ping Page" name="Then I wait for &apos;10&apos; seconds" time="0"/>
  <testcase classname="Scenario: Login to Quick Assist Application through Ping Page" name="Scenario: Login to Quick Assist Application through Ping Page" time="0.006"/>
  <testcase classname="Given I click &apos;LeftPanel_SearchBtn&apos;(| 4429005030009751 | PRIMARY TESTACCOUNT | 6855 PACIFIC STREET | BOILING SPRINGS,SC 29316 | (111) 111-1111 | (222) 222-2222 | (333) 333-3333 | XXX-XX-6789 | 01/01/1970 |)" name="Given I click &apos;LeftPanel_SearchBtn&apos;(| 4429005030009751 | PRIMARY TESTACCOUNT | 6855 PACIFIC STREET | BOILING SPRINGS,SC 29316 | (111) 111-1111 | (222) 222-2222 | " time="0"/>
  <testcase classname="And I enter &apos;4429005030009751&apos; in field &apos;SearchPopUp_AccountNumberField&apos;(| 4429005030009751 | PRIMARY TESTACCOUNT | 6855 PACIFIC STREET | BOILING SPRINGS,SC 29316 | (111) 111-1111 | (222) 222-2222 | (333) 333-3333 | XXX-XX-6789 | 01/01/1970 |)" name="And I enter &apos;4429005030009751&apos; in field &apos;SearchPopUp_AccountNumberField&apos;(| 4429005030009751 | PRIMARY TESTACCOUNT | 6855 PACIFIC STREET | BOILING SPRINGS,SC 29316 | (111) 111-1111 | (222) 222-2222 | " time="0"/>
  <testcase classname="And I click &apos;SearchPopUp_Search_Btn&apos;(| 4429005030009751 | PRIMARY TESTACCOUNT | 6855 PACIFIC STREET | BOILING SPRINGS,SC 29316 | (111) 111-1111 | (222) 222-2222 | (333) 333-3333 | XXX-XX-6789 | 01/01/1970 |)" name="And I click &apos;SearchPopUp_Search_Btn&apos;(| 4429005030009751 | PRIMARY TESTACCOUNT | 6855 PACIFIC STREET | BOILING SPRINGS,SC 29316 | (111) 111-1111 | (222) 222-2222 | " time="0"/>
  <testcase classname="And I should see text &apos;Card Holder Search&apos; present on page at &apos;SearchSuccessToast&apos;(| 4429005030009751 | PRIMARY TESTACCOUNT | 6855 PACIFIC STREET | BOILING SPRINGS,SC 29316 | (111) 111-1111 | (222) 222-2222 | (333) 333-3333 | XXX-XX-6789 | 01/01/1970 |)" name="And I should see text &apos;Card Holder Search&apos; present on page at &apos;SearchSuccessToast&apos;(| 4429005030009751 | PRIMARY TESTACCOUNT | 6855 PACIFIC STREET | BOILING SPRINGS,SC 29316 | (111) 111-1111 | (222) 222-2222 | " time="0"/>
  <testcase classname="And I should see text &apos;Found record&apos; present on page at &apos;SearchSuccessToast2&apos;(| 4429005030009751 | PRIMARY TESTACCOUNT | 6855 PACIFIC STREET | BOILING SPRINGS,SC 29316 | (111) 111-1111 | (222) 222-2222 | (333) 333-3333 | XXX-XX-6789 | 01/01/1970 |)" name="And I should see text &apos;Found record&apos; present on page at &apos;SearchSuccessToast2&apos;(| 4429005030009751 | PRIMARY TESTACCOUNT | 6855 PACIFIC STREET | BOILING SPRINGS,SC 29316 | (111) 111-1111 | (222) 222-2222 | " time="0"/>
  <testcase classname="And I wait for &apos;5&apos; seconds(| 4429005030009751 | PRIMARY TESTACCOUNT | 6855 PACIFIC STREET | BOILING SPRINGS,SC 29316 | (111) 111-1111 | (222) 222-2222 | (333) 333-3333 | XXX-XX-6789 | 01/01/1970 |)" name="And I wait for &apos;5&apos; seconds(| 4429005030009751 | PRIMARY TESTACCOUNT | 6855 PACIFIC STREET | BOILING SPRINGS,SC 29316 | (111) 111-1111 | (222) 222-2222 | " time="0"/>
  <testcase classname="And I should see text &apos;PRIMARY TESTACCOUNT&apos; present on page at &apos;CardHolderInfo_Primary&apos;(| 4429005030009751 | PRIMARY TESTACCOUNT | 6855 PACIFIC STREET | BOILING SPRINGS,SC 29316 | (111) 111-1111 | (222) 222-2222 | (333) 333-3333 | XXX-XX-6789 | 01/01/1970 |)" name="And I should see text &apos;PRIMARY TESTACCOUNT&apos; present on page at &apos;CardHolderInfo_Primary&apos;(| 4429005030009751 | PRIMARY TESTACCOUNT | 6855 PACIFIC STREET | BOILING SPRINGS,SC 29316 | (111) 111-1111 | (222) 222-2222 | " time="0"/>
  <testcase classname="And I should see text &apos;BOILING SPRINGS,SC 29316&apos; present on page at &apos;CardHolderInfo_Primary_AddrLine2&apos;(| 4429005030009751 | PRIMARY TESTACCOUNT | 6855 PACIFIC STREET | BOILING SPRINGS,SC 29316 | (111) 111-1111 | (222) 222-2222 | (333) 333-3333 | XXX-XX-6789 | 01/01/1970 |)" name="And I should see text &apos;BOILING SPRINGS,SC 29316&apos; present on page at &apos;CardHolderInfo_Primary_AddrLine2&apos;(| 4429005030009751 | PRIMARY TESTACCOUNT | 6855 PACIFIC STREET | BOILING SPRINGS,SC 29316 | (111) 111-1111 | (222) 222-2222 | " time="0"/>
  <testcase classname="And I should see text &apos;(111) 111-1111&apos; present on page at &apos;CardHolderInfo_HomePhone&apos;(| 4429005030009751 | PRIMARY TESTACCOUNT | 6855 PACIFIC STREET | BOILING SPRINGS,SC 29316 | (111) 111-1111 | (222) 222-2222 | (333) 333-3333 | XXX-XX-6789 | 01/01/1970 |)" name="And I should see text &apos;(111) 111-1111&apos; present on page at &apos;CardHolderInfo_HomePhone&apos;(| 4429005030009751 | PRIMARY TESTACCOUNT | 6855 PACIFIC STREET | BOILING SPRINGS,SC 29316 | (111) 111-1111 | (222) 222-2222 | " time="0"/>
  <testcase classname="And I should see text &apos;(222) 222-2222&apos; present on page at &apos;CardHolderInfo_Cell&apos;(| 4429005030009751 | PRIMARY TESTACCOUNT | 6855 PACIFIC STREET | BOILING SPRINGS,SC 29316 | (111) 111-1111 | (222) 222-2222 | (333) 333-3333 | XXX-XX-6789 | 01/01/1970 |)" name="And I should see text &apos;(222) 222-2222&apos; present on page at &apos;CardHolderInfo_Cell&apos;(| 4429005030009751 | PRIMARY TESTACCOUNT | 6855 PACIFIC STREET | BOILING SPRINGS,SC 29316 | (111) 111-1111 | (222) 222-2222 | " time="0"/>
  <testcase classname="And I should see text &apos;(333) 333-3333&apos; present on page at &apos;CardHolderInfo_Business&apos;(| 4429005030009751 | PRIMARY TESTACCOUNT | 6855 PACIFIC STREET | BOILING SPRINGS,SC 29316 | (111) 111-1111 | (222) 222-2222 | (333) 333-3333 | XXX-XX-6789 | 01/01/1970 |)" name="And I should see text &apos;(333) 333-3333&apos; present on page at &apos;CardHolderInfo_Business&apos;(| 4429005030009751 | PRIMARY TESTACCOUNT | 6855 PACIFIC STREET | BOILING SPRINGS,SC 29316 | (111) 111-1111 | (222) 222-2222 | " time="0"/>
  <testcase classname="And I should see text &apos;XXX-XX-6789&apos; present on page at &apos;CardHolderInfo_SSN&apos;(| 4429005030009751 | PRIMARY TESTACCOUNT | 6855 PACIFIC STREET | BOILING SPRINGS,SC 29316 | (111) 111-1111 | (222) 222-2222 | (333) 333-3333 | XXX-XX-6789 | 01/01/1970 |)" name="And I should see text &apos;XXX-XX-6789&apos; present on page at &apos;CardHolderInfo_SSN&apos;(| 4429005030009751 | PRIMARY TESTACCOUNT | 6855 PACIFIC STREET | BOILING SPRINGS,SC 29316 | (111) 111-1111 | (222) 222-2222 | " time="0"/>
  <testcase classname="And I should see text &apos;01/01/1970&apos; present on page at &apos;CardHolderInfo_DOB&apos;(| 4429005030009751 | PRIMARY TESTACCOUNT | 6855 PACIFIC STREET | BOILING SPRINGS,SC 29316 | (111) 111-1111 | (222) 222-2222 | (333) 333-3333 | XXX-XX-6789 | 01/01/1970 |)" name="And I should see text &apos;01/01/1970&apos; present on page at &apos;CardHolderInfo_DOB&apos;(| 4429005030009751 | PRIMARY TESTACCOUNT | 6855 PACIFIC STREET | BOILING SPRINGS,SC 29316 | (111) 111-1111 | (222) 222-2222 | " time="0"/>
  <testcase classname="| 4429005030009751 | PRIMARY TESTACCOUNT | 6855 PACIFIC STREET | BOILING SPRINGS,SC 29316 | (111) 111-1111 | (222) 222-2222 | (333) 333-3333 | XXX-XX-6789 | 01/01/1970 |" name="| 4429005030009751 | PRIMARY TESTACCOUNT | 6855 PACIFIC STREET | BOILING SPRINGS,SC 29316 | (111) 111-1111 | (222) 222-2222 | " time="0"/>
  <testcase classname="| 4108836000011270 | JANE DOE | 737 PLANTATION RD | LANCASTER,SC 29720-5808 |  |  |  | XXX-XX-1324 | 01/01/1970 |" name="Given I click &apos;LeftPanel_SearchBtn&apos;" time="0"/>
  <testcase classname="| 4108836000011270 | JANE DOE | 737 PLANTATION RD | LANCASTER,SC 29720-5808 |  |  |  | XXX-XX-1324 | 01/01/1970 |" name="And I enter &apos;4108836000011270&apos; in field &apos;SearchPopUp_AccountNumberField&apos;" time="0"/>
  <testcase classname="| 4108836000011270 | JANE DOE | 737 PLANTATION RD | LANCASTER,SC 29720-5808 |  |  |  | XXX-XX-1324 | 01/01/1970 |" name="And I click &apos;SearchPopUp_Search_Btn&apos;" time="0"/>
  <testcase classname="| 4108836000011270 | JANE DOE | 737 PLANTATION RD | LANCASTER,SC 29720-5808 |  |  |  | XXX-XX-1324 | 01/01/1970 |" name="And I should see text &apos;Card Holder Search&apos; present on page at &apos;SearchSuccessToast&apos;" time="0"/>
  <testcase classname="| 4108836000011270 | JANE DOE | 737 PLANTATION RD | LANCASTER,SC 29720-5808 |  |  |  | XXX-XX-1324 | 01/01/1970 |" name="And I should see text &apos;Found record&apos; present on page at &apos;SearchSuccessToast2&apos;" time="0"/>
  <testcase classname="| 4108836000011270 | JANE DOE | 737 PLANTATION RD | LANCASTER,SC 29720-5808 |  |  |  | XXX-XX-1324 | 01/01/1970 |" name="And I wait for &apos;5&apos; seconds" time="0"/>
  <testcase classname="| 4108836000011270 | JANE DOE | 737 PLANTATION RD | LANCASTER,SC 29720-5808 |  |  |  | XXX-XX-1324 | 01/01/1970 |" name="And I should see text &apos;JANE DOE&apos; present on page at &apos;CardHolderInfo_Primary&apos;" time="0"/>
  <testcase classname="| 4108836000011270 | JANE DOE | 737 PLANTATION RD | LANCASTER,SC 29720-5808 |  |  |  | XXX-XX-1324 | 01/01/1970 |" name="And I should see text &apos;LANCASTER,SC 29720-5808&apos; present on page at &apos;CardHolderInfo_Primary_AddrLine2&apos;" time="0"/>
  <testcase classname="| 4108836000011270 | JANE DOE | 737 PLANTATION RD | LANCASTER,SC 29720-5808 |  |  |  | XXX-XX-1324 | 01/01/1970 |" name="And I should see text &apos;&apos; present on page at &apos;CardHolderInfo_HomePhone&apos;" time="0"/>
  <testcase classname="| 4108836000011270 | JANE DOE | 737 PLANTATION RD | LANCASTER,SC 29720-5808 |  |  |  | XXX-XX-1324 | 01/01/1970 |" name="And I should see text &apos;&apos; present on page at &apos;CardHolderInfo_Cell&apos;" time="0"/>
  <testcase classname="| 4108836000011270 | JANE DOE | 737 PLANTATION RD | LANCASTER,SC 29720-5808 |  |  |  | XXX-XX-1324 | 01/01/1970 |" name="And I should see text &apos;&apos; present on page at &apos;CardHolderInfo_Business&apos;" time="0"/>
  <testcase classname="| 4108836000011270 | JANE DOE | 737 PLANTATION RD | LANCASTER,SC 29720-5808 |  |  |  | XXX-XX-1324 | 01/01/1970 |" name="And I should see text &apos;XXX-XX-1324&apos; present on page at &apos;CardHolderInfo_SSN&apos;" time="0"/>
  <testcase classname="| 4108836000011270 | JANE DOE | 737 PLANTATION RD | LANCASTER,SC 29720-5808 |  |  |  | XXX-XX-1324 | 01/01/1970 |" name="And I should see text &apos;01/01/1970&apos; present on page at &apos;CardHolderInfo_DOB&apos;" time="0"/>
  <testcase classname="| 4108836000011270 | JANE DOE | 737 PLANTATION RD | LANCASTER,SC 29720-5808 |  |  |  | XXX-XX-1324 | 01/01/1970 |" name="| 4108836000011270 | JANE DOE | 737 PLANTATION RD | LANCASTER,SC 29720-5808 |  |  |  | XXX-XX-1324 | 01/01/1970 |" time="0"/>
  <testcase classname="Scenario: TC2 - Add Secondary user to Account and verify successful addition" name="When I scroll to &apos;coordinates&apos; - &apos;0,400&apos;" time="0"/>
  <testcase classname="Scenario: TC2 - Add Secondary user to Account and verify successful addition" name="And I wait for &apos;2&apos; seconds" time="0"/>
  <testcase classname="Scenario: TC2 - Add Secondary user to Account and verify successful addition" name="Given I click &apos;AccountUsers_AddUser&apos;" time="0"/>
  <testcase classname="Scenario: TC2 - Add Secondary user to Account and verify successful addition" name="Then I should see text &apos;Add Account User&apos; present on page at &apos;AddUserPopUp_Header&apos;" time="0"/>
  <testcase classname="Scenario: TC2 - Add Secondary user to Account and verify successful addition" name="When I select &apos;AddUserPopUp_SelectType_Secondary&apos; by clicking &apos;AddUserPopUp_SelectType&apos;" time="0"/>
  <testcase classname="Scenario: TC2 - Add Secondary user to Account and verify successful addition" name="And I enter &apos;TestUserFName&apos; in field &apos;AddUserPopUp_FirstName&apos;" time="0"/>
  <testcase classname="Scenario: TC2 - Add Secondary user to Account and verify successful addition" name="And I enter &apos;TestUserLName&apos; in field &apos;AddUserPopUp_LastName&apos;" time="0"/>
  <testcase classname="Scenario: TC2 - Add Secondary user to Account and verify successful addition" name="And I enter &apos;123456789&apos; in field &apos;AddUserPopUp_SSN&apos;" time="0.004"/>
  <testcase classname="Scenario: TC2 - Add Secondary user to Account and verify successful addition" name="And I enter &apos;05/25/1985&apos; in field &apos;AddUserPopUp_DOB&apos;" time="0"/>
  <testcase classname="Scenario: TC2 - Add Secondary user to Account and verify successful addition" name="And I select &apos;AddUserPopUp_CBR_DoNotReport&apos; by clicking &apos;AddUserPopUp_CBR&apos;" time="0"/>
  <testcase classname="Scenario: TC2 - Add Secondary user to Account and verify successful addition" name="And I enter &apos;1111231234&apos; in field &apos;AddUserPopUp_HomePhone&apos;" time="0"/>
  <testcase classname="Scenario: TC2 - Add Secondary user to Account and verify successful addition" name="And I enter &apos;3213211234&apos; in field &apos;AddUserPopUp_CellPhone&apos;" time="0"/>
  <testcase classname="Scenario: TC2 - Add Secondary user to Account and verify successful addition" name="And I enter &apos;1233211234&apos; in field &apos;AddUserPopUp_WorkPhone&apos;" time="0"/>
  <testcase classname="Scenario: TC2 - Add Secondary user to Account and verify successful addition" name="And I enter &apos;test@testSecondary.user&apos; in field &apos;AddUserPopUp_Email&apos;" time="0"/>
  <testcase classname="Scenario: TC2 - Add Secondary user to Account and verify successful addition" name="And I click &apos;AddUserPopUp_Confirm&apos;" time="0"/>
  <testcase classname="Scenario: TC2 - Add Secondary user to Account and verify successful addition" name="And I should see text &apos;Secondary User Added Successfully&apos; present on page at &apos;AddUser_SuccessMessage&apos;" time="0.023">
    <failure message="expected:&lt;[We were not able to process your request. Please try again.]&gt; but was:&lt;[Secondary User Added Successfully]&gt;" type="org.junit.ComparisonFailure">org.junit.ComparisonFailure: expected:&lt;[We were not able to process your request. Please try again.]&gt; but was:&lt;[Secondary User Added Successfully]&gt;
	at org.junit.Assert.assertEquals(Assert.java:115)
	at org.junit.Assert.assertEquals(Assert.java:144)
	at com.pscu.seleniumcucumber.stepDefinitions.CommonSteps.I_should_see_text_present_on_page_At(CommonSteps.java:635)
	at ✽.And I should see text &apos;Secondary User Added Successfully&apos; present on page at &apos;AddUser_SuccessMessage&apos;(QuickAssist_Sanity.feature:60)
</failure>
  </testcase>
  <testcase classname="Scenario: TC2 - Add Secondary user to Account and verify successful addition" name="Scenario: TC2 - Add Secondary user to Account and verify successful addition" time="0.023">
    <failure message="expected:&lt;[We were not able to process your request. Please try again.]&gt; but was:&lt;[Secondary User Added Successfully]&gt;" type="org.junit.ComparisonFailure">org.junit.ComparisonFailure: expected:&lt;[We were not able to process your request. Please try again.]&gt; but was:&lt;[Secondary User Added Successfully]&gt;
	at org.junit.Assert.assertEquals(Assert.java:115)
	at org.junit.Assert.assertEquals(Assert.java:144)
	at com.pscu.seleniumcucumber.stepDefinitions.CommonSteps.I_should_see_text_present_on_page_At(CommonSteps.java:635)
	at ✽.And I should see text &apos;Secondary User Added Successfully&apos; present on page at &apos;AddUser_SuccessMessage&apos;(QuickAssist_Sanity.feature:60)
</failure>
  </testcase>
  <testcase classname="Given I click &apos;LeftPanel_SearchBtn&apos;(| 4429005030009751 | PRIMARY TESTACCOUNT | 6855 PACIFIC STREET | BOILING SPRINGS,SC 29316 | (111) 111-1111 | (222) 222-2222 | (333) 333-3333 | XXX-XX-6789 | 01/01/1970 |)" name="Given I click &apos;LeftPanel_SearchBtn&apos;(| 4429005030009751 | PRIMARY TESTACCOUNT | 6855 PACIFIC STREET | BOILING SPRINGS,SC 29316 | (111) 111-1111 | (222) 222-2222 | " time="0"/>
  <testcase classname="And I enter &apos;4429005030009751&apos; in field &apos;SearchPopUp_AccountNumberField&apos;(| 4429005030009751 | PRIMARY TESTACCOUNT | 6855 PACIFIC STREET | BOILING SPRINGS,SC 29316 | (111) 111-1111 | (222) 222-2222 | (333) 333-3333 | XXX-XX-6789 | 01/01/1970 |)" name="And I enter &apos;4429005030009751&apos; in field &apos;SearchPopUp_AccountNumberField&apos;(| 4429005030009751 | PRIMARY TESTACCOUNT | 6855 PACIFIC STREET | BOILING SPRINGS,SC 29316 | (111) 111-1111 | (222) 222-2222 | " time="0"/>
  <testcase classname="And I click &apos;SearchPopUp_Search_Btn&apos;(| 4429005030009751 | PRIMARY TESTACCOUNT | 6855 PACIFIC STREET | BOILING SPRINGS,SC 29316 | (111) 111-1111 | (222) 222-2222 | (333) 333-3333 | XXX-XX-6789 | 01/01/1970 |)" name="And I click &apos;SearchPopUp_Search_Btn&apos;(| 4429005030009751 | PRIMARY TESTACCOUNT | 6855 PACIFIC STREET | BOILING SPRINGS,SC 29316 | (111) 111-1111 | (222) 222-2222 | " time="0"/>
  <testcase classname="And I should see text &apos;Card Holder Search&apos; present on page at &apos;SearchSuccessToast&apos;(| 4429005030009751 | PRIMARY TESTACCOUNT | 6855 PACIFIC STREET | BOILING SPRINGS,SC 29316 | (111) 111-1111 | (222) 222-2222 | (333) 333-3333 | XXX-XX-6789 | 01/01/1970 |)" name="And I should see text &apos;Card Holder Search&apos; present on page at &apos;SearchSuccessToast&apos;(| 4429005030009751 | PRIMARY TESTACCOUNT | 6855 PACIFIC STREET | BOILING SPRINGS,SC 29316 | (111) 111-1111 | (222) 222-2222 | " time="0"/>
  <testcase classname="And I should see text &apos;Found record&apos; present on page at &apos;SearchSuccessToast2&apos;(| 4429005030009751 | PRIMARY TESTACCOUNT | 6855 PACIFIC STREET | BOILING SPRINGS,SC 29316 | (111) 111-1111 | (222) 222-2222 | (333) 333-3333 | XXX-XX-6789 | 01/01/1970 |)" name="And I should see text &apos;Found record&apos; present on page at &apos;SearchSuccessToast2&apos;(| 4429005030009751 | PRIMARY TESTACCOUNT | 6855 PACIFIC STREET | BOILING SPRINGS,SC 29316 | (111) 111-1111 | (222) 222-2222 | " time="0"/>
  <testcase classname="And I wait for &apos;5&apos; seconds(| 4429005030009751 | PRIMARY TESTACCOUNT | 6855 PACIFIC STREET | BOILING SPRINGS,SC 29316 | (111) 111-1111 | (222) 222-2222 | (333) 333-3333 | XXX-XX-6789 | 01/01/1970 |)" name="And I wait for &apos;5&apos; seconds(| 4429005030009751 | PRIMARY TESTACCOUNT | 6855 PACIFIC STREET | BOILING SPRINGS,SC 29316 | (111) 111-1111 | (222) 222-2222 | " time="0"/>
  <testcase classname="| 4429005030009751 | PRIMARY TESTACCOUNT | 6855 PACIFIC STREET | BOILING SPRINGS,SC 29316 | (111) 111-1111 | (222) 222-2222 | (333) 333-3333 | XXX-XX-6789 | 01/01/1970 |" name="| 4429005030009751 | PRIMARY TESTACCOUNT | 6855 PACIFIC STREET | BOILING SPRINGS,SC 29316 | (111) 111-1111 | (222) 222-2222 | " time="0.008"/>
  <testcase classname="Given I scroll to &apos;coordinates&apos; - &apos;0,500&apos;(Scenario: TC4 - Verify deleting the additional card holder is successful (TC4 - Delete Secondary user))" name="Given I scroll to &apos;coordinates&apos; - &apos;0,500&apos;(Scenario: TC4 - Verify deleting the additional card holder is successful " time="0"/>
  <testcase classname="And I wait for &apos;3&apos; seconds(Scenario: TC4 - Verify deleting the additional card holder is successful (TC4 - Delete Secondary user))" name="And I wait for &apos;3&apos; seconds(Scenario: TC4 - Verify deleting the additional card holder is successful " time="0"/>
  <testcase classname="Given I click &apos;AccountUsers_DeleteUser&apos;(Scenario: TC4 - Verify deleting the additional card holder is successful (TC4 - Delete Secondary user))" name="Given I click &apos;AccountUsers_DeleteUser&apos;(Scenario: TC4 - Verify deleting the additional card holder is successful " time="0"/>
  <testcase classname="Then I should see element &apos;AccountUsers_DeleteUserPopUpHeader&apos; present on page_(Scenario: TC4 - Verify deleting the additional card holder is successful (TC4 - Delete Secondary user))" name="Then I should see element &apos;AccountUsers_DeleteUserPopUpHeader&apos; present on page_(Scenario: TC4 - Verify deleting the additional card holder is successful " time="0"/>
  <testcase classname="And I click &apos;AccountUsers_DeleteUserPopUpConfirm&apos;(Scenario: TC4 - Verify deleting the additional card holder is successful (TC4 - Delete Secondary user))" name="And I click &apos;AccountUsers_DeleteUserPopUpConfirm&apos;(Scenario: TC4 - Verify deleting the additional card holder is successful " time="0"/>
  <testcase classname="Then I should see text &apos;Account User&apos; present on page at &apos;AccountUsers_DeleteConfirmation1&apos;(Scenario: TC4 - Verify deleting the additional card holder is successful (TC4 - Delete Secondary user))" name="Then I should see text &apos;Account User&apos; present on page at &apos;AccountUsers_DeleteConfirmation1&apos;(Scenario: TC4 - Verify deleting the additional card holder is successful " time="0"/>
  <testcase classname="Then I should see text &apos;Delete Success&apos; present on page at &apos;AccountUsers_DeleteConfirmation2&apos;(Scenario: TC4 - Verify deleting the additional card holder is successful (TC4 - Delete Secondary user))" name="Then I should see text &apos;Delete Success&apos; present on page at &apos;AccountUsers_DeleteConfirmation2&apos;(Scenario: TC4 - Verify deleting the additional card holder is successful " time="0">
    <failure message="expected:&lt;[The current external status on this account prohibits the removal of users at this time.]&gt; but was:&lt;[Delete Success]&gt;" type="org.junit.ComparisonFailure">org.junit.ComparisonFailure: expected:&lt;[The current external status on this account prohibits the removal of users at this time.]&gt; but was:&lt;[Delete Success]&gt;
	at org.junit.Assert.assertEquals(Assert.java:115)
	at org.junit.Assert.assertEquals(Assert.java:144)
	at com.pscu.seleniumcucumber.stepDefinitions.CommonSteps.I_should_see_text_present_on_page_At(CommonSteps.java:635)
	at ✽.Then I should see text &apos;Delete Success&apos; present on page at &apos;AccountUsers_DeleteConfirmation2&apos;(QuickAssist_Sanity.feature:84)
</failure>
  </testcase>
  <testcase classname="TC4 - Delete Secondary user" name="Scenario: TC4 - Verify deleting the additional card holder is successful " time="0.001">
    <failure message="expected:&lt;[The current external status on this account prohibits the removal of users at this time.]&gt; but was:&lt;[Delete Success]&gt;" type="org.junit.ComparisonFailure">org.junit.ComparisonFailure: expected:&lt;[The current external status on this account prohibits the removal of users at this time.]&gt; but was:&lt;[Delete Success]&gt;
	at org.junit.Assert.assertEquals(Assert.java:115)
	at org.junit.Assert.assertEquals(Assert.java:144)
	at com.pscu.seleniumcucumber.stepDefinitions.CommonSteps.I_should_see_text_present_on_page_At(CommonSteps.java:635)
	at ✽.Then I should see text &apos;Delete Success&apos; present on page at &apos;AccountUsers_DeleteConfirmation2&apos;(QuickAssist_Sanity.feature:84)
</failure>
  </testcase>
  <testcase classname="Scenario: TC3 - Verify one time payment request is successful" name="Given I click &apos;QAssist_MainMenu_Payments&apos;" time="0.021">
    <error message="chrome not reachable
  (Session info: chrome=66.0.3359.139)
  (Driver info: chromedriver=2.38.552522 (437e6fbedfa8762dec75e2c5b3ddb86763dc9dcb),platform=Windows NT 6.1.7601 SP1 x86_64) (WARNING: The server did not provide any stacktrace information)
Command duration or timeout: 0 milliseconds
Build info: version: &apos;3.11.0&apos;, revision: &apos;e59cfb3&apos;, time: &apos;2018-03-11T20:26:55.152Z&apos;
System info: host: &apos;CICD-03&apos;, ip: &apos;172.25.40.65&apos;, os.name: &apos;Windows 7&apos;, os.arch: &apos;amd64&apos;, os.version: &apos;6.1&apos;, java.version: &apos;1.8.0_161&apos;
Driver info: org.openqa.selenium.chrome.ChromeDriver
Capabilities {acceptInsecureCerts: false, acceptSslCerts: false, applicationCacheEnabled: false, browserConnectionEnabled: false, browserName: chrome, chrome: {chromedriverVersion: 2.38.552522 (437e6fbedfa876..., userDataDir: D:\Users\swathinr\AppData\L...}, cssSelectorsEnabled: true, databaseEnabled: false, handlesAlerts: true, hasTouchScreen: false, javascriptEnabled: true, locationContextEnabled: true, mobileEmulationEnabled: false, nativeEvents: true, networkConnectionEnabled: false, pageLoadStrategy: normal, platform: XP, platformName: XP, rotatable: false, setWindowRect: true, takesHeapSnapshot: true, takesScreenshot: true, unexpectedAlertBehaviour: , unhandledPromptBehavior: , version: 66.0.3359.139, webStorageEnabled: true}
Session ID: a7882c6901c2e06c1555bfbc0060173b
*** Element info: {Using=xpath, value=//li[3]/a}" type="cucumber.runtime.CucumberException">cucumber.runtime.CucumberException: chrome not reachable
  (Session info: chrome=66.0.3359.139)
  (Driver info: chromedriver=2.38.552522 (437e6fbedfa8762dec75e2c5b3ddb86763dc9dcb),platform=Windows NT 6.1.7601 SP1 x86_64) (WARNING: The server did not provide any stacktrace information)
Command duration or timeout: 0 milliseconds
Build info: version: &apos;3.11.0&apos;, revision: &apos;e59cfb3&apos;, time: &apos;2018-03-11T20:26:55.152Z&apos;
System info: host: &apos;CICD-03&apos;, ip: &apos;172.25.40.65&apos;, os.name: &apos;Windows 7&apos;, os.arch: &apos;amd64&apos;, os.version: &apos;6.1&apos;, java.version: &apos;1.8.0_161&apos;
Driver info: org.openqa.selenium.chrome.ChromeDriver
Capabilities {acceptInsecureCerts: false, acceptSslCerts: false, applicationCacheEnabled: false, browserConnectionEnabled: false, browserName: chrome, chrome: {chromedriverVersion: 2.38.552522 (437e6fbedfa876..., userDataDir: D:\Users\swathinr\AppData\L...}, cssSelectorsEnabled: true, databaseEnabled: false, handlesAlerts: true, hasTouchScreen: false, javascriptEnabled: true, locationContextEnabled: true, mobileEmulationEnabled: false, nativeEvents: true, networkConnectionEnabled: false, pageLoadStrategy: normal, platform: XP, platformName: XP, rotatable: false, setWindowRect: true, takesHeapSnapshot: true, takesScreenshot: true, unexpectedAlertBehaviour: , unhandledPromptBehavior: , version: 66.0.3359.139, webStorageEnabled: true}
Session ID: a7882c6901c2e06c1555bfbc0060173b
*** Element info: {Using=xpath, value=//li[3]/a}
	at com.pscu.seleniumcucumber.stepDefinitions.CommonSteps.I_Click(CommonSteps.java:310)
	at sun.reflect.NativeMethodAccessorImpl.invoke0(Native Method)
	at sun.reflect.NativeMethodAccessorImpl.invoke(NativeMethodAccessorImpl.java:62)
	at sun.reflect.DelegatingMethodAccessorImpl.invoke(DelegatingMethodAccessorImpl.java:43)
	at java.lang.reflect.Method.invoke(Method.java:498)
	at cucumber.runtime.Utils$1.call(Utils.java:40)
	at cucumber.runtime.Timeout.timeout(Timeout.java:16)
	at cucumber.runtime.Utils.invoke(Utils.java:34)
	at cucumber.runtime.java.JavaStepDefinition.execute(JavaStepDefinition.java:38)
	at cucumber.runtime.StepDefinitionMatch.runStep(StepDefinitionMatch.java:37)
	at cucumber.runtime.Runtime.runStep(Runtime.java:300)
	at cucumber.runtime.model.StepContainer.runStep(StepContainer.java:44)
	at cucumber.runtime.model.StepContainer.runSteps(StepContainer.java:39)
	at cucumber.runtime.model.CucumberScenario.run(CucumberScenario.java:44)
	at cucumber.runtime.junit.ExecutionUnitRunner.run(ExecutionUnitRunner.java:102)
	at cucumber.runtime.junit.FeatureRunner.runChild(FeatureRunner.java:63)
	at cucumber.runtime.junit.FeatureRunner.runChild(FeatureRunner.java:18)
	at org.junit.runners.ParentRunner$3.run(ParentRunner.java:238)
	at org.junit.runners.ParentRunner$1.schedule(ParentRunner.java:63)
	at org.junit.runners.ParentRunner.runChildren(ParentRunner.java:236)
	at org.junit.runners.ParentRunner.access$000(ParentRunner.java:53)
	at org.junit.runners.ParentRunner$2.evaluate(ParentRunner.java:229)
	at org.junit.runners.ParentRunner.run(ParentRunner.java:309)
	at cucumber.runtime.junit.FeatureRunner.run(FeatureRunner.java:70)
	at cucumber.api.junit.Cucumber.runChild(Cucumber.java:95)
	at cucumber.api.junit.Cucumber.runChild(Cucumber.java:38)
	at org.junit.runners.ParentRunner$3.run(ParentRunner.java:238)
	at org.junit.runners.ParentRunner$1.schedule(ParentRunner.java:63)
	at org.junit.runners.ParentRunner.runChildren(ParentRunner.java:236)
	at org.junit.runners.ParentRunner.access$000(ParentRunner.java:53)
	at org.junit.runners.ParentRunner$2.evaluate(ParentRunner.java:229)
	at org.junit.runners.ParentRunner.run(ParentRunner.java:309)
	at cucumber.api.junit.Cucumber.run(Cucumber.java:100)
	at com.pscu.seleniumcucumber.Runner.ExtendedCucumberRunner.run(ExtendedCucumberRunner.java:53)
	at org.apache.maven.surefire.junit4.JUnit4Provider.execute(JUnit4Provider.java:252)
	at org.apache.maven.surefire.junit4.JUnit4Provider.executeTestSet(JUnit4Provider.java:141)
	at org.apache.maven.surefire.junit4.JUnit4Provider.invoke(JUnit4Provider.java:112)
	at sun.reflect.NativeMethodAccessorImpl.invoke0(Native Method)
	at sun.reflect.NativeMethodAccessorImpl.invoke(NativeMethodAccessorImpl.java:62)
	at sun.reflect.DelegatingMethodAccessorImpl.invoke(DelegatingMethodAccessorImpl.java:43)
	at java.lang.reflect.Method.invoke(Method.java:498)
	at org.apache.maven.surefire.util.ReflectionUtils.invokeMethodWithArray(ReflectionUtils.java:189)
	at org.apache.maven.surefire.booter.ProviderFactory$ProviderProxy.invoke(ProviderFactory.java:165)
	at org.apache.maven.surefire.booter.ProviderFactory.invokeProvider(ProviderFactory.java:85)
	at org.apache.maven.surefire.booter.ForkedBooter.runSuitesInProcess(ForkedBooter.java:115)
	at org.apache.maven.surefire.booter.ForkedBooter.main(ForkedBooter.java:75)
Caused by: org.openqa.selenium.WebDriverException: chrome not reachable
  (Session info: chrome=66.0.3359.139)
  (Driver info: chromedriver=2.38.552522 (437e6fbedfa8762dec75e2c5b3ddb86763dc9dcb),platform=Windows NT 6.1.7601 SP1 x86_64) (WARNING: The server did not provide any stacktrace information)
Command duration or timeout: 0 milliseconds
Build info: version: &apos;3.11.0&apos;, revision: &apos;e59cfb3&apos;, time: &apos;2018-03-11T20:26:55.152Z&apos;
System info: host: &apos;CICD-03&apos;, ip: &apos;172.25.40.65&apos;, os.name: &apos;Windows 7&apos;, os.arch: &apos;amd64&apos;, os.version: &apos;6.1&apos;, java.version: &apos;1.8.0_161&apos;
Driver info: org.openqa.selenium.chrome.ChromeDriver
Capabilities {acceptInsecureCerts: false, acceptSslCerts: false, applicationCacheEnabled: false, browserConnectionEnabled: false, browserName: chrome, chrome: {chromedriverVersion: 2.38.552522 (437e6fbedfa876..., userDataDir: D:\Users\swathinr\AppData\L...}, cssSelectorsEnabled: true, databaseEnabled: false, handlesAlerts: true, hasTouchScreen: false, javascriptEnabled: true, locationContextEnabled: true, mobileEmulationEnabled: false, nativeEvents: true, networkConnectionEnabled: false, pageLoadStrategy: normal, platform: XP, platformName: XP, rotatable: false, setWindowRect: true, takesHeapSnapshot: true, takesScreenshot: true, unexpectedAlertBehaviour: , unhandledPromptBehavior: , version: 66.0.3359.139, webStorageEnabled: true}
Session ID: a7882c6901c2e06c1555bfbc0060173b
*** Element info: {Using=xpath, value=//li[3]/a}
	at sun.reflect.NativeConstructorAccessorImpl.newInstance0(Native Method)
	at sun.reflect.NativeConstructorAccessorImpl.newInstance(NativeConstructorAccessorImpl.java:62)
	at sun.reflect.DelegatingConstructorAccessorImpl.newInstance(DelegatingConstructorAccessorImpl.java:45)
	at java.lang.reflect.Constructor.newInstance(Constructor.java:423)
	at org.openqa.selenium.remote.ErrorHandler.createThrowable(ErrorHandler.java:214)
	at org.openqa.selenium.remote.ErrorHandler.throwIfResponseFailed(ErrorHandler.java:166)
	at org.openqa.selenium.remote.http.JsonHttpResponseCodec.reconstructValue(JsonHttpResponseCodec.java:40)
	at org.openqa.selenium.remote.http.AbstractHttpResponseCodec.decode(AbstractHttpResponseCodec.java:80)
	at org.openqa.selenium.remote.http.AbstractHttpResponseCodec.decode(AbstractHttpResponseCodec.java:44)
	at org.openqa.selenium.remote.HttpCommandExecutor.execute(HttpCommandExecutor.java:158)
	at org.openqa.selenium.remote.service.DriverCommandExecutor.execute(DriverCommandExecutor.java:83)
	at org.openqa.selenium.remote.RemoteWebDriver.execute(RemoteWebDriver.java:545)
	at org.openqa.selenium.remote.RemoteWebDriver.findElement(RemoteWebDriver.java:319)
	at org.openqa.selenium.remote.RemoteWebDriver.findElementByXPath(RemoteWebDriver.java:421)
	at org.openqa.selenium.By$ByXPath.findElement(By.java:361)
	at org.openqa.selenium.remote.RemoteWebDriver.findElement(RemoteWebDriver.java:311)
	at com.pscu.seleniumcucumber.stepDefinitions.CommonSteps.I_Click(CommonSteps.java:305)
	... 45 more
</error>
    <system-out>
  @DeleteSecondaryUser
  Scenario: TC4 - Verify deleting the additional card holder is successful (TC4 - Delete Secondary user) &amp;#27;[90m# QuickAssist_Sanity.feature:76&amp;#27;[0m
    &amp;#27;[32mGiven &amp;#27;[0m&amp;#27;[32mI scroll to &apos;&amp;#27;[0m&amp;#27;[32m&amp;#27;[1mcoordinates&amp;#27;[0m&amp;#27;[32m&apos; - &apos;&amp;#27;[0m&amp;#27;[32m&amp;#27;[1m0,500&amp;#27;[0m&amp;#27;[32m&apos;&amp;#27;[0m                                                            &amp;#27;[90m# CommonSteps.I_scroll_to_element(String,String)&amp;#27;[0m
    &amp;#27;[32mAnd &amp;#27;[0m&amp;#27;[32mI wait for &apos;&amp;#27;[0m&amp;#27;[32m&amp;#27;[1m3&amp;#27;[0m&amp;#27;[32m&apos; seconds&amp;#27;[0m                                                                           &amp;#27;[90m# CommonSteps.I_pause_for_seconds(int)&amp;#27;[0m
    #Given I Click &apos;AccountUsers_DeleteUser&apos; with reference to text: &apos;SECONDARY&apos;
    &amp;#27;[32mGiven &amp;#27;[0m&amp;#27;[32mI click &apos;&amp;#27;[0m&amp;#27;[32m&amp;#27;[1mAccountUsers_DeleteUser&amp;#27;[0m&amp;#27;[32m&apos;&amp;#27;[0m                                                              &amp;#27;[90m# CommonSteps.I_Click(String)&amp;#27;[0m
    &amp;#27;[32mThen &amp;#27;[0m&amp;#27;[32mI should see element &apos;&amp;#27;[0m&amp;#27;[32m&amp;#27;[1mAccountUsers_DeleteUserPopUpHeader&amp;#27;[0m&amp;#27;[32m&apos; present on page_&amp;#27;[0m                      &amp;#27;[90m# CommonSteps.I_should_see_on_page_AndScreenshot(String)&amp;#27;[0m
    &amp;#27;[32mAnd &amp;#27;[0m&amp;#27;[32mI click &apos;&amp;#27;[0m&amp;#27;[32m&amp;#27;[1mAccountUsers_DeleteUserPopUpConfirm&amp;#27;[0m&amp;#27;[32m&apos;&amp;#27;[0m                                                    &amp;#27;[90m# CommonSteps.I_Click(String)&amp;#27;[0m
    &amp;#27;[32mThen &amp;#27;[0m&amp;#27;[32mI should see text &apos;&amp;#27;[0m&amp;#27;[32m&amp;#27;[1mAccount User&amp;#27;[0m&amp;#27;[32m&apos; present on page at &apos;&amp;#27;[0m&amp;#27;[32m&amp;#27;[1mAccountUsers_DeleteConfirmation1&amp;#27;[0m&amp;#27;[32m&apos;&amp;#27;[0m          &amp;#27;[90m# CommonSteps.I_should_see_text_present_on_page_At(String,String)&amp;#27;[0m
    &amp;#27;[31mThen &amp;#27;[0m&amp;#27;[31mI should see text &apos;&amp;#27;[0m&amp;#27;[31m&amp;#27;[1mDelete Success&amp;#27;[0m&amp;#27;[31m&apos; present on page at &apos;&amp;#27;[0m&amp;#27;[31m&amp;#27;[1mAccountUsers_DeleteConfirmation2&amp;#27;[0m&amp;#27;[31m&apos;&amp;#27;[0m        &amp;#27;[90m# CommonSteps.I_should_see_text_present_on_page_At(String,String)&amp;#27;[0m
      &amp;#27;[31morg.junit.ComparisonFailure: expected:&lt;[The current external status on this account prohibits the removal of users at this time.]&gt; but was:&lt;[Delete Success]&gt;
      	at org.junit.Assert.assertEquals(Assert.java:115)
      	at org.junit.Assert.assertEquals(Assert.java:144)
      	at com.pscu.seleniumcucumber.stepDefinitions.CommonSteps.I_should_see_text_present_on_page_At(CommonSteps.java:635)
      	at ?.Then I should see text &apos;Delete Success&apos; present on page at &apos;AccountUsers_DeleteConfirmation2&apos;(QuickAssist_Sanity.feature:84)
      &amp;#27;[0m
</system-out>
    <system-err>May 03, 2018 2:48:10 AM org.openqa.selenium.support.ui.ExpectedConditions findElement
WARNING: WebDriverException thrown by findElement(By.xpath: //li[3]/a)
org.openqa.selenium.WebDriverException: chrome not reachable
  (Session info: chrome=66.0.3359.139)
  (Driver info: chromedriver=2.38.552522 (437e6fbedfa8762dec75e2c5b3ddb86763dc9dcb),platform=Windows NT 6.1.7601 SP1 x86_64) (WARNING: The server did not provide any stacktrace information)
Command duration or timeout: 0 milliseconds
Build info: version: &apos;3.11.0&apos;, revision: &apos;e59cfb3&apos;, time: &apos;2018-03-11T20:26:55.152Z&apos;
System info: host: &apos;CICD-03&apos;, ip: &apos;172.25.40.65&apos;, os.name: &apos;Windows 7&apos;, os.arch: &apos;amd64&apos;, os.version: &apos;6.1&apos;, java.version: &apos;1.8.0_161&apos;
Driver info: org.openqa.selenium.chrome.ChromeDriver
Capabilities {acceptInsecureCerts: false, acceptSslCerts: false, applicationCacheEnabled: false, browserConnectionEnabled: false, browserName: chrome, chrome: {chromedriverVersion: 2.38.552522 (437e6fbedfa876..., userDataDir: D:\Users\swathinr\AppData\L...}, cssSelectorsEnabled: true, databaseEnabled: false, handlesAlerts: true, hasTouchScreen: false, javascriptEnabled: true, locationContextEnabled: true, mobileEmulationEnabled: false, nativeEvents: true, networkConnectionEnabled: false, pageLoadStrategy: normal, platform: XP, platformName: XP, rotatable: false, setWindowRect: true, takesHeapSnapshot: true, takesScreenshot: true, unexpectedAlertBehaviour: , unhandledPromptBehavior: , version: 66.0.3359.139, webStorageEnabled: true}
Session ID: a7882c6901c2e06c1555bfbc0060173b
*** Element info: {Using=xpath, value=//li[3]/a}
	at sun.reflect.NativeConstructorAccessorImpl.newInstance0(Native Method)
	at sun.reflect.NativeConstructorAccessorImpl.newInstance(NativeConstructorAccessorImpl.java:62)
	at sun.reflect.DelegatingConstructorAccessorImpl.newInstance(DelegatingConstructorAccessorImpl.java:45)
	at java.lang.reflect.Constructor.newInstance(Constructor.java:423)
	at org.openqa.selenium.remote.ErrorHandler.createThrowable(ErrorHandler.java:214)
	at org.openqa.selenium.remote.ErrorHandler.throwIfResponseFailed(ErrorHandler.java:166)
	at org.openqa.selenium.remote.http.JsonHttpResponseCodec.reconstructValue(JsonHttpResponseCodec.java:40)
	at org.openqa.selenium.remote.http.AbstractHttpResponseCodec.decode(AbstractHttpResponseCodec.java:80)
	at org.openqa.selenium.remote.http.AbstractHttpResponseCodec.decode(AbstractHttpResponseCodec.java:44)
	at org.openqa.selenium.remote.HttpCommandExecutor.execute(HttpCommandExecutor.java:158)
	at org.openqa.selenium.remote.service.DriverCommandExecutor.execute(DriverCommandExecutor.java:83)
	at org.openqa.selenium.remote.RemoteWebDriver.execute(RemoteWebDriver.java:545)
	at org.openqa.selenium.remote.RemoteWebDriver.findElements(RemoteWebDriver.java:346)
	at org.openqa.selenium.remote.RemoteWebDriver.findElementsByXPath(RemoteWebDriver.java:425)
	at org.openqa.selenium.By$ByXPath.findElements(By.java:356)
	at org.openqa.selenium.remote.RemoteWebDriver.findElements(RemoteWebDriver.java:307)
	at org.openqa.selenium.support.ui.ExpectedConditions.findElement(ExpectedConditions.java:895)
	at org.openqa.selenium.support.ui.ExpectedConditions.access$000(ExpectedConditions.java:44)
	at org.openqa.selenium.support.ui.ExpectedConditions$6.apply(ExpectedConditions.java:183)
	at org.openqa.selenium.support.ui.ExpectedConditions$6.apply(ExpectedConditions.java:180)
	at org.openqa.selenium.support.ui.FluentWait.until(FluentWait.java:248)
	at com.pscu.seleniumcucumber.framework.WrapperFunctions.waitForElementPresence(WrapperFunctions.java:137)
	at com.pscu.seleniumcucumber.stepDefinitions.CommonSteps.I_Click(CommonSteps.java:304)
	at sun.reflect.NativeMethodAccessorImpl.invoke0(Native Method)
	at sun.reflect.NativeMethodAccessorImpl.invoke(NativeMethodAccessorImpl.java:62)
	at sun.reflect.DelegatingMethodAccessorImpl.invoke(DelegatingMethodAccessorImpl.java:43)
	at java.lang.reflect.Method.invoke(Method.java:498)
	at cucumber.runtime.Utils$1.call(Utils.java:40)
	at cucumber.runtime.Timeout.timeout(Timeout.java:16)
	at cucumber.runtime.Utils.invoke(Utils.java:34)
	at cucumber.runtime.java.JavaStepDefinition.execute(JavaStepDefinition.java:38)
	at cucumber.runtime.StepDefinitionMatch.runStep(StepDefinitionMatch.java:37)
	at cucumber.runtime.Runtime.runStep(Runtime.java:300)
	at cucumber.runtime.model.StepContainer.runStep(StepContainer.java:44)
	at cucumber.runtime.model.StepContainer.runSteps(StepContainer.java:39)
	at cucumber.runtime.model.CucumberScenario.run(CucumberScenario.java:44)
	at cucumber.runtime.junit.ExecutionUnitRunner.run(ExecutionUnitRunner.java:102)
	at cucumber.runtime.junit.FeatureRunner.runChild(FeatureRunner.java:63)
	at cucumber.runtime.junit.FeatureRunner.runChild(FeatureRunner.java:18)
	at org.junit.runners.ParentRunner$3.run(ParentRunner.java:238)
	at org.junit.runners.ParentRunner$1.schedule(ParentRunner.java:63)
	at org.junit.runners.ParentRunner.runChildren(ParentRunner.java:236)
	at org.junit.runners.ParentRunner.access$000(ParentRunner.java:53)
	at org.junit.runners.ParentRunner$2.evaluate(ParentRunner.java:229)
	at org.junit.runners.ParentRunner.run(ParentRunner.java:309)
	at cucumber.runtime.junit.FeatureRunner.run(FeatureRunner.java:70)
	at cucumber.api.junit.Cucumber.runChild(Cucumber.java:95)
	at cucumber.api.junit.Cucumber.runChild(Cucumber.java:38)
	at org.junit.runners.ParentRunner$3.run(ParentRunner.java:238)
	at org.junit.runners.ParentRunner$1.schedule(ParentRunner.java:63)
	at org.junit.runners.ParentRunner.runChildren(ParentRunner.java:236)
	at org.junit.runners.ParentRunner.access$000(ParentRunner.java:53)
	at org.junit.runners.ParentRunner$2.evaluate(ParentRunner.java:229)
	at org.junit.runners.ParentRunner.run(ParentRunner.java:309)
	at cucumber.api.junit.Cucumber.run(Cucumber.java:100)
	at com.pscu.seleniumcucumber.Runner.ExtendedCucumberRunner.run(ExtendedCucumberRunner.java:53)
	at org.apache.maven.surefire.junit4.JUnit4Provider.execute(JUnit4Provider.java:252)
	at org.apache.maven.surefire.junit4.JUnit4Provider.executeTestSet(JUnit4Provider.java:141)
	at org.apache.maven.surefire.junit4.JUnit4Provider.invoke(JUnit4Provider.java:112)
	at sun.reflect.NativeMethodAccessorImpl.invoke0(Native Method)
	at sun.reflect.NativeMethodAccessorImpl.invoke(NativeMethodAccessorImpl.java:62)
	at sun.reflect.DelegatingMethodAccessorImpl.invoke(DelegatingMethodAccessorImpl.java:43)
	at java.lang.reflect.Method.invoke(Method.java:498)
	at org.apache.maven.surefire.util.ReflectionUtils.invokeMethodWithArray(ReflectionUtils.java:189)
	at org.apache.maven.surefire.booter.ProviderFactory$ProviderProxy.invoke(ProviderFactory.java:165)
	at org.apache.maven.surefire.booter.ProviderFactory.invokeProvider(ProviderFactory.java:85)
	at org.apache.maven.surefire.booter.ForkedBooter.runSuitesInProcess(ForkedBooter.java:115)
	at org.apache.maven.surefire.booter.ForkedBooter.main(ForkedBooter.java:75)

org.openqa.selenium.WebDriverException: chrome not reachable
  (Session info: chrome=66.0.3359.139)
  (Driver info: chromedriver=2.38.552522 (437e6fbedfa8762dec75e2c5b3ddb86763dc9dcb),platform=Windows NT 6.1.7601 SP1 x86_64) (WARNING: The server did not provide any stacktrace information)
Command duration or timeout: 0 milliseconds
Build info: version: &apos;3.11.0&apos;, revision: &apos;e59cfb3&apos;, time: &apos;2018-03-11T20:26:55.152Z&apos;
System info: host: &apos;CICD-03&apos;, ip: &apos;172.25.40.65&apos;, os.name: &apos;Windows 7&apos;, os.arch: &apos;amd64&apos;, os.version: &apos;6.1&apos;, java.version: &apos;1.8.0_161&apos;
Driver info: org.openqa.selenium.chrome.ChromeDriver
Capabilities {acceptInsecureCerts: false, acceptSslCerts: false, applicationCacheEnabled: false, browserConnectionEnabled: false, browserName: chrome, chrome: {chromedriverVersion: 2.38.552522 (437e6fbedfa876..., userDataDir: D:\Users\swathinr\AppData\L...}, cssSelectorsEnabled: true, databaseEnabled: false, handlesAlerts: true, hasTouchScreen: false, javascriptEnabled: true, locationContextEnabled: true, mobileEmulationEnabled: false, nativeEvents: true, networkConnectionEnabled: false, pageLoadStrategy: normal, platform: XP, platformName: XP, rotatable: false, setWindowRect: true, takesHeapSnapshot: true, takesScreenshot: true, unexpectedAlertBehaviour: , unhandledPromptBehavior: , version: 66.0.3359.139, webStorageEnabled: true}
Session ID: a7882c6901c2e06c1555bfbc0060173b
*** Element info: {Using=xpath, value=//li[3]/a}
	at sun.reflect.NativeConstructorAccessorImpl.newInstance0(Native Method)
	at sun.reflect.NativeConstructorAccessorImpl.newInstance(NativeConstructorAccessorImpl.java:62)
	at sun.reflect.DelegatingConstructorAccessorImpl.newInstance(DelegatingConstructorAccessorImpl.java:45)
	at java.lang.reflect.Constructor.newInstance(Constructor.java:423)
	at org.openqa.selenium.remote.ErrorHandler.createThrowable(ErrorHandler.java:214)
	at org.openqa.selenium.remote.ErrorHandler.throwIfResponseFailed(ErrorHandler.java:166)
	at org.openqa.selenium.remote.http.JsonHttpResponseCodec.reconstructValue(JsonHttpResponseCodec.java:40)
	at org.openqa.selenium.remote.http.AbstractHttpResponseCodec.decode(AbstractHttpResponseCodec.java:80)
	at org.openqa.selenium.remote.http.AbstractHttpResponseCodec.decode(AbstractHttpResponseCodec.java:44)
	at org.openqa.selenium.remote.HttpCommandExecutor.execute(HttpCommandExecutor.java:158)
	at org.openqa.selenium.remote.service.DriverCommandExecutor.execute(DriverCommandExecutor.java:83)
	at org.openqa.selenium.remote.RemoteWebDriver.execute(RemoteWebDriver.java:545)
	at org.openqa.selenium.remote.RemoteWebDriver.findElements(RemoteWebDriver.java:346)
	at org.openqa.selenium.remote.RemoteWebDriver.findElementsByXPath(RemoteWebDriver.java:425)
	at org.openqa.selenium.By$ByXPath.findElements(By.java:356)
	at org.openqa.selenium.remote.RemoteWebDriver.findElements(RemoteWebDriver.java:307)
	at org.openqa.selenium.support.ui.ExpectedConditions.findElement(ExpectedConditions.java:895)
	at org.openqa.selenium.support.ui.ExpectedConditions.access$000(ExpectedConditions.java:44)
	at org.openqa.selenium.support.ui.ExpectedConditions$6.apply(ExpectedConditions.java:183)
	at org.openqa.selenium.support.ui.ExpectedConditions$6.apply(ExpectedConditions.java:180)
	at org.openqa.selenium.support.ui.FluentWait.until(FluentWait.java:248)
	at com.pscu.seleniumcucumber.framework.WrapperFunctions.waitForElementPresence(WrapperFunctions.java:137)
	at com.pscu.seleniumcucumber.stepDefinitions.CommonSteps.I_Click(CommonSteps.java:304)
	at sun.reflect.NativeMethodAccessorImpl.invoke0(Native Method)
	at sun.reflect.NativeMethodAccessorImpl.invoke(NativeMethodAccessorImpl.java:62)
	at sun.reflect.DelegatingMethodAccessorImpl.invoke(DelegatingMethodAccessorImpl.java:43)
	at java.lang.reflect.Method.invoke(Method.java:498)
	at cucumber.runtime.Utils$1.call(Utils.java:40)
	at cucumber.runtime.Timeout.timeout(Timeout.java:16)
	at cucumber.runtime.Utils.invoke(Utils.java:34)
	at cucumber.runtime.java.JavaStepDefinition.execute(JavaStepDefinition.java:38)
	at cucumber.runtime.StepDefinitionMatch.runStep(StepDefinitionMatch.java:37)
	at cucumber.runtime.Runtime.runStep(Runtime.java:300)
	at cucumber.runtime.model.StepContainer.runStep(StepContainer.java:44)
	at cucumber.runtime.model.StepContainer.runSteps(StepContainer.java:39)
	at cucumber.runtime.model.CucumberScenario.run(CucumberScenario.java:44)
	at cucumber.runtime.junit.ExecutionUnitRunner.run(ExecutionUnitRunner.java:102)
	at cucumber.runtime.junit.FeatureRunner.runChild(FeatureRunner.java:63)
	at cucumber.runtime.junit.FeatureRunner.runChild(FeatureRunner.java:18)
	at org.junit.runners.ParentRunner$3.run(ParentRunner.java:238)
	at org.junit.runners.ParentRunner$1.schedule(ParentRunner.java:63)
	at org.junit.runners.ParentRunner.runChildren(ParentRunner.java:236)
	at org.junit.runners.ParentRunner.access$000(ParentRunner.java:53)
	at org.junit.runners.ParentRunner$2.evaluate(ParentRunner.java:229)
	at org.junit.runners.ParentRunner.run(ParentRunner.java:309)
	at cucumber.runtime.junit.FeatureRunner.run(FeatureRunner.java:70)
	at cucumber.api.junit.Cucumber.runChild(Cucumber.java:95)
	at cucumber.api.junit.Cucumber.runChild(Cucumber.java:38)
	at org.junit.runners.ParentRunner$3.run(ParentRunner.java:238)
	at org.junit.runners.ParentRunner$1.schedule(ParentRunner.java:63)
	at org.junit.runners.ParentRunner.runChildren(ParentRunner.java:236)
	at org.junit.runners.ParentRunner.access$000(ParentRunner.java:53)
	at org.junit.runners.ParentRunner$2.evaluate(ParentRunner.java:229)
	at org.junit.runners.ParentRunner.run(ParentRunner.java:309)
	at cucumber.api.junit.Cucumber.run(Cucumber.java:100)
	at com.pscu.seleniumcucumber.Runner.ExtendedCucumberRunner.run(ExtendedCucumberRunner.java:53)
	at org.apache.maven.surefire.junit4.JUnit4Provider.execute(JUnit4Provider.java:252)
	at org.apache.maven.surefire.junit4.JUnit4Provider.executeTestSet(JUnit4Provider.java:141)
	at org.apache.maven.surefire.junit4.JUnit4Provider.invoke(JUnit4Provider.java:112)
	at sun.reflect.NativeMethodAccessorImpl.invoke0(Native Method)
	at sun.reflect.NativeMethodAccessorImpl.invoke(NativeMethodAccessorImpl.java:62)
	at sun.reflect.DelegatingMethodAccessorImpl.invoke(DelegatingMethodAccessorImpl.java:43)
	at java.lang.reflect.Method.invoke(Method.java:498)
	at org.apache.maven.surefire.util.ReflectionUtils.invokeMethodWithArray(ReflectionUtils.java:189)
	at org.apache.maven.surefire.booter.ProviderFactory$ProviderProxy.invoke(ProviderFactory.java:165)
	at org.apache.maven.surefire.booter.ProviderFactory.invokeProvider(ProviderFactory.java:85)
	at org.apache.maven.surefire.booter.ForkedBooter.runSuitesInProcess(ForkedBooter.java:115)
	at org.apache.maven.surefire.booter.ForkedBooter.main(ForkedBooter.java:75)
org.openqa.selenium.WebDriverException: chrome not reachable
  (Session info: chrome=66.0.3359.139)
  (Driver info: chromedriver=2.38.552522 (437e6fbedfa8762dec75e2c5b3ddb86763dc9dcb),platform=Windows NT 6.1.7601 SP1 x86_64) (WARNING: The server did not provide any stacktrace information)
Command duration or timeout: 0 milliseconds
Build info: version: &apos;3.11.0&apos;, revision: &apos;e59cfb3&apos;, time: &apos;2018-03-11T20:26:55.152Z&apos;
System info: host: &apos;CICD-03&apos;, ip: &apos;172.25.40.65&apos;, os.name: &apos;Windows 7&apos;, os.arch: &apos;amd64&apos;, os.version: &apos;6.1&apos;, java.version: &apos;1.8.0_161&apos;
Driver info: org.openqa.selenium.chrome.ChromeDriver
Capabilities {acceptInsecureCerts: false, acceptSslCerts: false, applicationCacheEnabled: false, browserConnectionEnabled: false, browserName: chrome, chrome: {chromedriverVersion: 2.38.552522 (437e6fbedfa876..., userDataDir: D:\Users\swathinr\AppData\L...}, cssSelectorsEnabled: true, databaseEnabled: false, handlesAlerts: true, hasTouchScreen: false, javascriptEnabled: true, locationContextEnabled: true, mobileEmulationEnabled: false, nativeEvents: true, networkConnectionEnabled: false, pageLoadStrategy: normal, platform: XP, platformName: XP, rotatable: false, setWindowRect: true, takesHeapSnapshot: true, takesScreenshot: true, unexpectedAlertBehaviour: , unhandledPromptBehavior: , version: 66.0.3359.139, webStorageEnabled: true}
Session ID: a7882c6901c2e06c1555bfbc0060173b
*** Element info: {Using=xpath, value=//li[3]/a}
	at sun.reflect.NativeConstructorAccessorImpl.newInstance0(Native Method)
	at sun.reflect.NativeConstructorAccessorImpl.newInstance(NativeConstructorAccessorImpl.java:62)
	at sun.reflect.DelegatingConstructorAccessorImpl.newInstance(DelegatingConstructorAccessorImpl.java:45)
	at java.lang.reflect.Constructor.newInstance(Constructor.java:423)
	at org.openqa.selenium.remote.ErrorHandler.createThrowable(ErrorHandler.java:214)
	at org.openqa.selenium.remote.ErrorHandler.throwIfResponseFailed(ErrorHandler.java:166)
	at org.openqa.selenium.remote.http.JsonHttpResponseCodec.reconstructValue(JsonHttpResponseCodec.java:40)
	at org.openqa.selenium.remote.http.AbstractHttpResponseCodec.decode(AbstractHttpResponseCodec.java:80)
	at org.openqa.selenium.remote.http.AbstractHttpResponseCodec.decode(AbstractHttpResponseCodec.java:44)
	at org.openqa.selenium.remote.HttpCommandExecutor.execute(HttpCommandExecutor.java:158)
	at org.openqa.selenium.remote.service.DriverCommandExecutor.execute(DriverCommandExecutor.java:83)
	at org.openqa.selenium.remote.RemoteWebDriver.execute(RemoteWebDriver.java:545)
	at org.openqa.selenium.remote.RemoteWebDriver.findElement(RemoteWebDriver.java:319)
	at org.openqa.selenium.remote.RemoteWebDriver.findElementByXPath(RemoteWebDriver.java:421)
	at org.openqa.selenium.By$ByXPath.findElement(By.java:361)
	at org.openqa.selenium.remote.RemoteWebDriver.findElement(RemoteWebDriver.java:311)
	at com.pscu.seleniumcucumber.stepDefinitions.CommonSteps.I_Click(CommonSteps.java:305)
	at sun.reflect.NativeMethodAccessorImpl.invoke0(Native Method)
	at sun.reflect.NativeMethodAccessorImpl.invoke(NativeMethodAccessorImpl.java:62)
	at sun.reflect.DelegatingMethodAccessorImpl.invoke(DelegatingMethodAccessorImpl.java:43)
	at java.lang.reflect.Method.invoke(Method.java:498)
	at cucumber.runtime.Utils$1.call(Utils.java:40)
	at cucumber.runtime.Timeout.timeout(Timeout.java:16)
	at cucumber.runtime.Utils.invoke(Utils.java:34)
	at cucumber.runtime.java.JavaStepDefinition.execute(JavaStepDefinition.java:38)
	at cucumber.runtime.StepDefinitionMatch.runStep(StepDefinitionMatch.java:37)
	at cucumber.runtime.Runtime.runStep(Runtime.java:300)
	at cucumber.runtime.model.StepContainer.runStep(StepContainer.java:44)
	at cucumber.runtime.model.StepContainer.runSteps(StepContainer.java:39)
	at cucumber.runtime.model.CucumberScenario.run(CucumberScenario.java:44)
	at cucumber.runtime.junit.ExecutionUnitRunner.run(ExecutionUnitRunner.java:102)
	at cucumber.runtime.junit.FeatureRunner.runChild(FeatureRunner.java:63)
	at cucumber.runtime.junit.FeatureRunner.runChild(FeatureRunner.java:18)
	at org.junit.runners.ParentRunner$3.run(ParentRunner.java:238)
	at org.junit.runners.ParentRunner$1.schedule(ParentRunner.java:63)
	at org.junit.runners.ParentRunner.runChildren(ParentRunner.java:236)
	at org.junit.runners.ParentRunner.access$000(ParentRunner.java:53)
	at org.junit.runners.ParentRunner$2.evaluate(ParentRunner.java:229)
	at org.junit.runners.ParentRunner.run(ParentRunner.java:309)
	at cucumber.runtime.junit.FeatureRunner.run(FeatureRunner.java:70)
	at cucumber.api.junit.Cucumber.runChild(Cucumber.java:95)
	at cucumber.api.junit.Cucumber.runChild(Cucumber.java:38)
	at org.junit.runners.ParentRunner$3.run(ParentRunner.java:238)
	at org.junit.runners.ParentRunner$1.schedule(ParentRunner.java:63)
	at org.junit.runners.ParentRunner.runChildren(ParentRunner.java:236)
	at org.junit.runners.ParentRunner.access$000(ParentRunner.java:53)
	at org.junit.runners.ParentRunner$2.evaluate(ParentRunner.java:229)
	at org.junit.runners.ParentRunner.run(ParentRunner.java:309)
	at cucumber.api.junit.Cucumber.run(Cucumber.java:100)
	at com.pscu.seleniumcucumber.Runner.ExtendedCucumberRunner.run(ExtendedCucumberRunner.java:53)
	at org.apache.maven.surefire.junit4.JUnit4Provider.execute(JUnit4Provider.java:252)
	at org.apache.maven.surefire.junit4.JUnit4Provider.executeTestSet(JUnit4Provider.java:141)
	at org.apache.maven.surefire.junit4.JUnit4Provider.invoke(JUnit4Provider.java:112)
	at sun.reflect.NativeMethodAccessorImpl.invoke0(Native Method)
	at sun.reflect.NativeMethodAccessorImpl.invoke(NativeMethodAccessorImpl.java:62)
	at sun.reflect.DelegatingMethodAccessorImpl.invoke(DelegatingMethodAccessorImpl.java:43)
	at java.lang.reflect.Method.invoke(Method.java:498)
	at org.apache.maven.surefire.util.ReflectionUtils.invokeMethodWithArray(ReflectionUtils.java:189)
	at org.apache.maven.surefire.booter.ProviderFactory$ProviderProxy.invoke(ProviderFactory.java:165)
	at org.apache.maven.surefire.booter.ProviderFactory.invokeProvider(ProviderFactory.java:85)
	at org.apache.maven.surefire.booter.ForkedBooter.runSuitesInProcess(ForkedBooter.java:115)
	at org.apache.maven.surefire.booter.ForkedBooter.main(ForkedBooter.java:75)
</system-err>
  </testcase>
  <testcase classname="Scenario: TC3 - Verify one time payment request is successful" name="Scenario: TC3 - Verify one time payment request is successful" time="0.023">
    <error message="chrome not reachable
  (Session info: chrome=66.0.3359.139)
  (Driver info: chromedriver=2.38.552522 (437e6fbedfa8762dec75e2c5b3ddb86763dc9dcb),platform=Windows NT 6.1.7601 SP1 x86_64) (WARNING: The server did not provide any stacktrace information)
Command duration or timeout: 0 milliseconds
Build info: version: &apos;3.11.0&apos;, revision: &apos;e59cfb3&apos;, time: &apos;2018-03-11T20:26:55.152Z&apos;
System info: host: &apos;CICD-03&apos;, ip: &apos;172.25.40.65&apos;, os.name: &apos;Windows 7&apos;, os.arch: &apos;amd64&apos;, os.version: &apos;6.1&apos;, java.version: &apos;1.8.0_161&apos;
Driver info: org.openqa.selenium.chrome.ChromeDriver
Capabilities {acceptInsecureCerts: false, acceptSslCerts: false, applicationCacheEnabled: false, browserConnectionEnabled: false, browserName: chrome, chrome: {chromedriverVersion: 2.38.552522 (437e6fbedfa876..., userDataDir: D:\Users\swathinr\AppData\L...}, cssSelectorsEnabled: true, databaseEnabled: false, handlesAlerts: true, hasTouchScreen: false, javascriptEnabled: true, locationContextEnabled: true, mobileEmulationEnabled: false, nativeEvents: true, networkConnectionEnabled: false, pageLoadStrategy: normal, platform: XP, platformName: XP, rotatable: false, setWindowRect: true, takesHeapSnapshot: true, takesScreenshot: true, unexpectedAlertBehaviour: , unhandledPromptBehavior: , version: 66.0.3359.139, webStorageEnabled: true}
Session ID: a7882c6901c2e06c1555bfbc0060173b
*** Element info: {Using=xpath, value=//li[3]/a}" type="cucumber.runtime.CucumberException">cucumber.runtime.CucumberException: chrome not reachable
  (Session info: chrome=66.0.3359.139)
  (Driver info: chromedriver=2.38.552522 (437e6fbedfa8762dec75e2c5b3ddb86763dc9dcb),platform=Windows NT 6.1.7601 SP1 x86_64) (WARNING: The server did not provide any stacktrace information)
Command duration or timeout: 0 milliseconds
Build info: version: &apos;3.11.0&apos;, revision: &apos;e59cfb3&apos;, time: &apos;2018-03-11T20:26:55.152Z&apos;
System info: host: &apos;CICD-03&apos;, ip: &apos;172.25.40.65&apos;, os.name: &apos;Windows 7&apos;, os.arch: &apos;amd64&apos;, os.version: &apos;6.1&apos;, java.version: &apos;1.8.0_161&apos;
Driver info: org.openqa.selenium.chrome.ChromeDriver
Capabilities {acceptInsecureCerts: false, acceptSslCerts: false, applicationCacheEnabled: false, browserConnectionEnabled: false, browserName: chrome, chrome: {chromedriverVersion: 2.38.552522 (437e6fbedfa876..., userDataDir: D:\Users\swathinr\AppData\L...}, cssSelectorsEnabled: true, databaseEnabled: false, handlesAlerts: true, hasTouchScreen: false, javascriptEnabled: true, locationContextEnabled: true, mobileEmulationEnabled: false, nativeEvents: true, networkConnectionEnabled: false, pageLoadStrategy: normal, platform: XP, platformName: XP, rotatable: false, setWindowRect: true, takesHeapSnapshot: true, takesScreenshot: true, unexpectedAlertBehaviour: , unhandledPromptBehavior: , version: 66.0.3359.139, webStorageEnabled: true}
Session ID: a7882c6901c2e06c1555bfbc0060173b
*** Element info: {Using=xpath, value=//li[3]/a}
	at com.pscu.seleniumcucumber.stepDefinitions.CommonSteps.I_Click(CommonSteps.java:310)
	at sun.reflect.NativeMethodAccessorImpl.invoke0(Native Method)
	at sun.reflect.NativeMethodAccessorImpl.invoke(NativeMethodAccessorImpl.java:62)
	at sun.reflect.DelegatingMethodAccessorImpl.invoke(DelegatingMethodAccessorImpl.java:43)
	at java.lang.reflect.Method.invoke(Method.java:498)
	at cucumber.runtime.Utils$1.call(Utils.java:40)
	at cucumber.runtime.Timeout.timeout(Timeout.java:16)
	at cucumber.runtime.Utils.invoke(Utils.java:34)
	at cucumber.runtime.java.JavaStepDefinition.execute(JavaStepDefinition.java:38)
	at cucumber.runtime.StepDefinitionMatch.runStep(StepDefinitionMatch.java:37)
	at cucumber.runtime.Runtime.runStep(Runtime.java:300)
	at cucumber.runtime.model.StepContainer.runStep(StepContainer.java:44)
	at cucumber.runtime.model.StepContainer.runSteps(StepContainer.java:39)
	at cucumber.runtime.model.CucumberScenario.run(CucumberScenario.java:44)
	at cucumber.runtime.junit.ExecutionUnitRunner.run(ExecutionUnitRunner.java:102)
	at cucumber.runtime.junit.FeatureRunner.runChild(FeatureRunner.java:63)
	at cucumber.runtime.junit.FeatureRunner.runChild(FeatureRunner.java:18)
	at org.junit.runners.ParentRunner$3.run(ParentRunner.java:238)
	at org.junit.runners.ParentRunner$1.schedule(ParentRunner.java:63)
	at org.junit.runners.ParentRunner.runChildren(ParentRunner.java:236)
	at org.junit.runners.ParentRunner.access$000(ParentRunner.java:53)
	at org.junit.runners.ParentRunner$2.evaluate(ParentRunner.java:229)
	at org.junit.runners.ParentRunner.run(ParentRunner.java:309)
	at cucumber.runtime.junit.FeatureRunner.run(FeatureRunner.java:70)
	at cucumber.api.junit.Cucumber.runChild(Cucumber.java:95)
	at cucumber.api.junit.Cucumber.runChild(Cucumber.java:38)
	at org.junit.runners.ParentRunner$3.run(ParentRunner.java:238)
	at org.junit.runners.ParentRunner$1.schedule(ParentRunner.java:63)
	at org.junit.runners.ParentRunner.runChildren(ParentRunner.java:236)
	at org.junit.runners.ParentRunner.access$000(ParentRunner.java:53)
	at org.junit.runners.ParentRunner$2.evaluate(ParentRunner.java:229)
	at org.junit.runners.ParentRunner.run(ParentRunner.java:309)
	at cucumber.api.junit.Cucumber.run(Cucumber.java:100)
	at com.pscu.seleniumcucumber.Runner.ExtendedCucumberRunner.run(ExtendedCucumberRunner.java:53)
	at org.apache.maven.surefire.junit4.JUnit4Provider.execute(JUnit4Provider.java:252)
	at org.apache.maven.surefire.junit4.JUnit4Provider.executeTestSet(JUnit4Provider.java:141)
	at org.apache.maven.surefire.junit4.JUnit4Provider.invoke(JUnit4Provider.java:112)
	at sun.reflect.NativeMethodAccessorImpl.invoke0(Native Method)
	at sun.reflect.NativeMethodAccessorImpl.invoke(NativeMethodAccessorImpl.java:62)
	at sun.reflect.DelegatingMethodAccessorImpl.invoke(DelegatingMethodAccessorImpl.java:43)
	at java.lang.reflect.Method.invoke(Method.java:498)
	at org.apache.maven.surefire.util.ReflectionUtils.invokeMethodWithArray(ReflectionUtils.java:189)
	at org.apache.maven.surefire.booter.ProviderFactory$ProviderProxy.invoke(ProviderFactory.java:165)
	at org.apache.maven.surefire.booter.ProviderFactory.invokeProvider(ProviderFactory.java:85)
	at org.apache.maven.surefire.booter.ForkedBooter.runSuitesInProcess(ForkedBooter.java:115)
	at org.apache.maven.surefire.booter.ForkedBooter.main(ForkedBooter.java:75)
Caused by: org.openqa.selenium.WebDriverException: chrome not reachable
  (Session info: chrome=66.0.3359.139)
  (Driver info: chromedriver=2.38.552522 (437e6fbedfa8762dec75e2c5b3ddb86763dc9dcb),platform=Windows NT 6.1.7601 SP1 x86_64) (WARNING: The server did not provide any stacktrace information)
Command duration or timeout: 0 milliseconds
Build info: version: &apos;3.11.0&apos;, revision: &apos;e59cfb3&apos;, time: &apos;2018-03-11T20:26:55.152Z&apos;
System info: host: &apos;CICD-03&apos;, ip: &apos;172.25.40.65&apos;, os.name: &apos;Windows 7&apos;, os.arch: &apos;amd64&apos;, os.version: &apos;6.1&apos;, java.version: &apos;1.8.0_161&apos;
Driver info: org.openqa.selenium.chrome.ChromeDriver
Capabilities {acceptInsecureCerts: false, acceptSslCerts: false, applicationCacheEnabled: false, browserConnectionEnabled: false, browserName: chrome, chrome: {chromedriverVersion: 2.38.552522 (437e6fbedfa876..., userDataDir: D:\Users\swathinr\AppData\L...}, cssSelectorsEnabled: true, databaseEnabled: false, handlesAlerts: true, hasTouchScreen: false, javascriptEnabled: true, locationContextEnabled: true, mobileEmulationEnabled: false, nativeEvents: true, networkConnectionEnabled: false, pageLoadStrategy: normal, platform: XP, platformName: XP, rotatable: false, setWindowRect: true, takesHeapSnapshot: true, takesScreenshot: true, unexpectedAlertBehaviour: , unhandledPromptBehavior: , version: 66.0.3359.139, webStorageEnabled: true}
Session ID: a7882c6901c2e06c1555bfbc0060173b
*** Element info: {Using=xpath, value=//li[3]/a}
	at sun.reflect.NativeConstructorAccessorImpl.newInstance0(Native Method)
	at sun.reflect.NativeConstructorAccessorImpl.newInstance(NativeConstructorAccessorImpl.java:62)
	at sun.reflect.DelegatingConstructorAccessorImpl.newInstance(DelegatingConstructorAccessorImpl.java:45)
	at java.lang.reflect.Constructor.newInstance(Constructor.java:423)
	at org.openqa.selenium.remote.ErrorHandler.createThrowable(ErrorHandler.java:214)
	at org.openqa.selenium.remote.ErrorHandler.throwIfResponseFailed(ErrorHandler.java:166)
	at org.openqa.selenium.remote.http.JsonHttpResponseCodec.reconstructValue(JsonHttpResponseCodec.java:40)
	at org.openqa.selenium.remote.http.AbstractHttpResponseCodec.decode(AbstractHttpResponseCodec.java:80)
	at org.openqa.selenium.remote.http.AbstractHttpResponseCodec.decode(AbstractHttpResponseCodec.java:44)
	at org.openqa.selenium.remote.HttpCommandExecutor.execute(HttpCommandExecutor.java:158)
	at org.openqa.selenium.remote.service.DriverCommandExecutor.execute(DriverCommandExecutor.java:83)
	at org.openqa.selenium.remote.RemoteWebDriver.execute(RemoteWebDriver.java:545)
	at org.openqa.selenium.remote.RemoteWebDriver.findElement(RemoteWebDriver.java:319)
	at org.openqa.selenium.remote.RemoteWebDriver.findElementByXPath(RemoteWebDriver.java:421)
	at org.openqa.selenium.By$ByXPath.findElement(By.java:361)
	at org.openqa.selenium.remote.RemoteWebDriver.findElement(RemoteWebDriver.java:311)
	at com.pscu.seleniumcucumber.stepDefinitions.CommonSteps.I_Click(CommonSteps.java:305)
	... 45 more
</error>
  </testcase>
  <testcase classname="Scenario: TC3 - Verify one time payment request is successful" name="And I scroll to &apos;coordinates&apos; - &apos;0,500&apos;" time="0.023">
    <skipped/>
  </testcase>
  <testcase classname="Scenario: TC3 - Verify one time payment request is successful" name="And I click &apos;Payments_OneTimePaymentW_AmountDD&apos;" time="0.023">
    <skipped/>
  </testcase>
  <testcase classname="Scenario: TC3 - Verify one time payment request is successful" name="And I wait for &apos;2&apos; seconds" time="0.023">
    <skipped/>
  </testcase>
  <testcase classname="Scenario: TC3 - Verify one time payment request is successful" name="And I click &apos;Payments_OneTimePaymentW_MinimumPayment&apos;" time="0.023">
    <skipped/>
  </testcase>
  <testcase classname="Scenario: TC3 - Verify one time payment request is successful" name="And I wait for &apos;10&apos; seconds" time="0.023">
    <skipped/>
  </testcase>
</testsuite>